Arguments: 
  /home/ijunior/.nvm/versions/node/v16.13.1/bin/node /home/ijunior/.yarn/bin/yarn.js install

PATH: 
  /home/ijunior/.yarn/bin:/home/ijunior/.config/yarn/global/node_modules/.bin:/home/ijunior/.nvm/versions/node/v16.13.1/bin:/home/ijunior/.local/bin:/usr/local/sbin:/usr/local/bin:/usr/sbin:/usr/bin:/sbin:/bin:/usr/games:/usr/local/games:/snap/bin:/opt/metasploit-framework/bin:/opt/metasploit-framework/bin:/opt/flutter/bin:/home/ijunior/.local/bin:/opt/idea-IC-201.8538.31/bin:/home/ijunior/.config/composer/vendor/bin:/home/ijunior/Android/Sdk/platform-tools:/home/ijunior/.pub-cache/bin:/home/ijunior/opt/FileZilla3/bin

Yarn version: 
  1.22.18

Node version: 
  16.13.1

Platform: 
  linux x64

Trace: 
  Error: connect EHOSTUNREACH 104.16.19.35:443
      at TCPConnectWrap.afterConnect [as oncomplete] (node:net:1161:16)

npm manifest: 
  {
      "private": true,
      "scripts": {
          "dev": "npm run development",
          "development": "mix",
          "watch": "mix watch",
          "watch-poll": "mix watch -- --watch-options-poll=1000",
          "hot": "mix watch --hot",
          "prod": "npm run production",
          "production": "mix --production"
      },
      "devDependencies": {
          "@babel/preset-react": "^7.13.13",
          "@popperjs/core": "^2.10.2",
          "axios": "^0.21",
          "bootstrap": "^5.1.3",
          "laravel-mix": "^6.0.6",
          "lodash": "^4.17.19",
          "postcss": "^8.1.14",
          "react": "^17.0.2",
          "react-dom": "^17.0.2",
          "sass": "^1.32.11",
          "sass-loader": "^11.0.1"
      }
  }

yarn manifest: 
  No manifest

Lockfile: 
  No lockfile
